#
# An unexpected error has occurred (11)
#
Stack:
/lib/x86_64-linux-gnu/libc.so.6(+0x36d40) [0x7f73be4a4d40]
/opt/Xilinx/Vivado/2015.2/lib/lnx64.o/librdi_abc_nomp.so(Sim_UtilSetRandom+0x37) [0x7f739a62a877]
/opt/Xilinx/Vivado/2015.2/lib/lnx64.o/librdi_abc_nomp.so(Sim_NtkComputeSwitching+0xde) [0x7f739a6275fe]
/opt/Xilinx/Vivado/2015.2/lib/lnx64.o/librdi_abc_nomp.so(Abc_NtkMap+0x65) [0x7f739a35b545]
/opt/Xilinx/Vivado/2015.2/lib/lnx64.o/librdi_abc_nomp.so(+0xb3f7b) [0x7f739a311f7b]
/opt/Xilinx/Vivado/2015.2/lib/lnx64.o/librdi_abc_nomp.so(CmdCommandDispatch+0x1c6) [0x7f739a40c666]
/opt/Xilinx/Vivado/2015.2/lib/lnx64.o/librdi_abc_nomp.so(Cmd_CommandExecute+0x96) [0x7f739a409566]
/opt/Xilinx/Vivado/2015.2/lib/lnx64.o/librdi_synth.so(LOptAbc::callABC(NTargetLib&, NRealMod, char const*, int)+0x3ac) [0x7f7396b0d66c]
/opt/Xilinx/Vivado/2015.2/lib/lnx64.o/librdi_synth.so(HARTNlOptimizeFrameWork::_algABC_script(int, char const*, int)+0x77) [0x7f7396626aa7]
/opt/Xilinx/Vivado/2015.2/lib/lnx64.o/librdi_synth.so(HARTNlOptimizeFrameWork::_algABC(int)+0xf5) [0x7f7396627195]
/opt/Xilinx/Vivado/2015.2/lib/lnx64.o/librdi_synth.so(HARTNlOptimizeFrameWork::_runNalgorithms()+0x251) [0x7f73966306b1]
/opt/Xilinx/Vivado/2015.2/lib/lnx64.o/librdi_synth.so(HARTNlOptimizeFrameWork::optimize(int&)+0x106) [0x7f7396631aa6]
/opt/Xilinx/Vivado/2015.2/lib/lnx64.o/librdi_synth.so(HARTNlOptimize::modOptimize(NRealMod, char const*)+0xbc) [0x7f73966b290c]
/opt/Xilinx/Vivado/2015.2/lib/lnx64.o/librdi_synth.so(HARTNlOptimize::optimizeRecurse(NRealMod, char const*)+0xa9) [0x7f73966b2b59]
/opt/Xilinx/Vivado/2015.2/lib/lnx64.o/librdi_synth.so(HARTNlOptimize::optimizeTop(char const*)+0x276) [0x7f73966b2e56]
/opt/Xilinx/Vivado/2015.2/lib/lnx64.o/librdi_synth.so(HARTLOptAbc::runNlOpt(LOptAbc*, NTargetLib&, UList<NInstC*, UListNode<NInstC*>, NInstC*, UEValue<NInstC*, UListNode<NInstC*> > >&, UHashMapList<NPinC*, int, NPinC*, UEKey<NPinC*> >&, int&, int&)+0x2c1) [0x7f73965bc3d1]
/opt/Xilinx/Vivado/2015.2/lib/lnx64.o/librdi_synth.so(LOptAbc::doOpt(NRealMod, bool, bool, bool, TTime, long long&, TTime&, NPin&, bool&)+0x2d1) [0x7f7396b0b481]
/opt/Xilinx/Vivado/2015.2/lib/lnx64.o/librdi_synth.so(HARTLOptAbc::doOpt(NRealMod, bool, bool, bool, TTime, long long&, TTime&, NPin&, bool&)+0x240) [0x7f73965bd320]
/opt/Xilinx/Vivado/2015.2/lib/lnx64.o/librdi_synth.so(LOptAbc::optimize(NRealMod, bool, bool, bool, TTime, TTime&, bool&)+0xc5) [0x7f7396b09215]
/opt/Xilinx/Vivado/2015.2/lib/lnx64.o/librdi_synth.so(NDes::optimizeLogic(bool, bool, bool, bool, TTime&, bool&)+0x11b) [0x7f7396b0db7b]
/opt/Xilinx/Vivado/2015.2/lib/lnx64.o/librdi_synth.so(Optimize1::optimize(OptActions, NEqPinArray)+0x45f) [0x7f7396b14b1f]
/opt/Xilinx/Vivado/2015.2/lib/lnx64.o/librdi_synth.so(Optimize1::Optimize1(NDes, bool, bool, bool, bool, OptActions, NEqPinArray)+0x9d) [0x7f7396b15ccd]
/opt/Xilinx/Vivado/2015.2/lib/lnx64.o/librdi_synth.so(Optimize1::optimizeGenome(NGen, OptActions, ConstProp&)+0x116) [0x7f7396b15e76]
/opt/Xilinx/Vivado/2015.2/lib/lnx64.o/librdi_synth.so(Optimize1::optimize(OptActions, NEqPinArray)+0x64b) [0x7f7396b14d0b]
/opt/Xilinx/Vivado/2015.2/lib/lnx64.o/librdi_synth.so(Optimize1::Optimize1(NDes, bool, bool, bool, bool, OptActions, NEqPinArray)+0x9d) [0x7f7396b15ccd]
/opt/Xilinx/Vivado/2015.2/lib/lnx64.o/librdi_synth.so(Optimize2::areaOpt(bool, bool, bool, bool)+0x49) [0x7f7396b19fd9]
/opt/Xilinx/Vivado/2015.2/lib/lnx64.o/librdi_synth.so(Optimize2::Optimize2(NDes, bool, bool, bool, bool, bool, float, TTime, bool, bool)+0xbdc) [0x7f7396b3e1ac]
/opt/Xilinx/Vivado/2015.2/lib/lnx64.o/librdi_synth.so(NDes::optimize(bool, bool, bool, bool, bool, float, TTime, bool, bool)+0x155) [0x7f7396b0efe5]
/opt/Xilinx/Vivado/2015.2/lib/lnx64.o/librdi_synth.so(+0xb4be22) [0x7f739629fe22]
/opt/Xilinx/Vivado/2015.2/lib/lnx64.o/librdi_synth.so(+0xaeff45) [0x7f7396243f45]
/opt/Xilinx/Vivado/2015.2/lib/lnx64.o/libtcl8.5.so(+0x331f5) [0x7f73ba5181f5]
/opt/Xilinx/Vivado/2015.2/lib/lnx64.o/libtcl8.5.so(+0x76bbe) [0x7f73ba55bbbe]
/opt/Xilinx/Vivado/2015.2/lib/lnx64.o/libtcl8.5.so(TclObjInterpProcCore+0x2fb) [0x7f73ba59cb8b]
/opt/Xilinx/Vivado/2015.2/lib/lnx64.o/libtcl8.5.so(+0x331f5) [0x7f73ba5181f5]
/opt/Xilinx/Vivado/2015.2/lib/lnx64.o/libtcl8.5.so(+0x34d6b) [0x7f73ba519d6b]
/opt/Xilinx/Vivado/2015.2/lib/lnx64.o/libtcl8.5.so(Tcl_EvalEx+0x16) [0x7f73ba51a276]
/opt/Xilinx/Vivado/2015.2/lib/lnx64.o/libtcl8.5.so(TclEvalObjEx+0x213) [0x7f73ba51a4c3]
/opt/Xilinx/Vivado/2015.2/lib/lnx64.o/libtcl8.5.so(+0x3b745) [0x7f73ba520745]
/opt/Xilinx/Vivado/2015.2/lib/lnx64.o/libtcl8.5.so(+0x331f5) [0x7f73ba5181f5]
/opt/Xilinx/Vivado/2015.2/lib/lnx64.o/libtcl8.5.so(+0x76bbe) [0x7f73ba55bbbe]
/opt/Xilinx/Vivado/2015.2/lib/lnx64.o/libtcl8.5.so(+0x7e767) [0x7f73ba563767]
/opt/Xilinx/Vivado/2015.2/lib/lnx64.o/libtcl8.5.so(TclEvalObjEx+0x77) [0x7f73ba51a327]
/opt/Xilinx/Vivado/2015.2/lib/lnx64.o/librdi_commontasks.so(+0x2d3057) [0x7f73b6372057]
/opt/Xilinx/Vivado/2015.2/lib/lnx64.o/libtcl8.5.so(+0x331f5) [0x7f73ba5181f5]
/opt/Xilinx/Vivado/2015.2/lib/lnx64.o/libtcl8.5.so(+0x76bbe) [0x7f73ba55bbbe]
/opt/Xilinx/Vivado/2015.2/lib/lnx64.o/libtcl8.5.so(TclObjInterpProcCore+0x2fb) [0x7f73ba59cb8b]
/opt/Xilinx/Vivado/2015.2/lib/lnx64.o/libtcl8.5.so(+0x331f5) [0x7f73ba5181f5]
/opt/Xilinx/Vivado/2015.2/lib/lnx64.o/libtcl8.5.so(+0x76bbe) [0x7f73ba55bbbe]
/opt/Xilinx/Vivado/2015.2/lib/lnx64.o/libtcl8.5.so(TclObjInterpProcCore+0x2fb) [0x7f73ba59cb8b]
/opt/Xilinx/Vivado/2015.2/lib/lnx64.o/libtcl8.5.so(+0x331f5) [0x7f73ba5181f5]
/opt/Xilinx/Vivado/2015.2/lib/lnx64.o/libtcl8.5.so(+0x76bbe) [0x7f73ba55bbbe]
/opt/Xilinx/Vivado/2015.2/lib/lnx64.o/libtcl8.5.so(+0x7e767) [0x7f73ba563767]
/opt/Xilinx/Vivado/2015.2/lib/lnx64.o/libtcl8.5.so(TclEvalObjEx+0x77) [0x7f73ba51a327]
/opt/Xilinx/Vivado/2015.2/lib/lnx64.o/librdi_commontasks.so(+0x2d3057) [0x7f73b6372057]
/opt/Xilinx/Vivado/2015.2/lib/lnx64.o/libtcl8.5.so(+0x331f5) [0x7f73ba5181f5]
/opt/Xilinx/Vivado/2015.2/lib/lnx64.o/libtcl8.5.so(+0x76bbe) [0x7f73ba55bbbe]
/opt/Xilinx/Vivado/2015.2/lib/lnx64.o/libtcl8.5.so(Tcl_ExprObj+0xfb) [0x7f73ba56333b]
/opt/Xilinx/Vivado/2015.2/lib/lnx64.o/libtcl8.5.so(Tcl_ExprBooleanObj+0x16) [0x7f73ba5190c6]
/opt/Xilinx/Vivado/2015.2/lib/lnx64.o/libtcl8.5.so(+0x3eae8) [0x7f73ba523ae8]
/opt/Xilinx/Vivado/2015.2/lib/lnx64.o/libtcl8.5.so(+0x331f5) [0x7f73ba5181f5]
/opt/Xilinx/Vivado/2015.2/lib/lnx64.o/libtcl8.5.so(+0x34d6b) [0x7f73ba519d6b]
/opt/Xilinx/Vivado/2015.2/lib/lnx64.o/libtcl8.5.so(Tcl_EvalEx+0x16) [0x7f73ba51a276]
/opt/Xilinx/Vivado/2015.2/lib/lnx64.o/libtcl8.5.so(Tcl_FSEvalFileEx+0x1d2) [0x7f73ba57ed02]
/opt/Xilinx/Vivado/2015.2/lib/lnx64.o/librdi_commontasks.so(+0x2f0425) [0x7f73b638f425]
/opt/Xilinx/Vivado/2015.2/lib/lnx64.o/librdi_common.so(+0x62104f) [0x7f73bf57804f]
/opt/Xilinx/Vivado/2015.2/lib/lnx64.o/libtcl8.5.so(+0x331f5) [0x7f73ba5181f5]
/opt/Xilinx/Vivado/2015.2/lib/lnx64.o/libtcl8.5.so(+0x76bbe) [0x7f73ba55bbbe]
/opt/Xilinx/Vivado/2015.2/lib/lnx64.o/libtcl8.5.so(+0x7e767) [0x7f73ba563767]
/opt/Xilinx/Vivado/2015.2/lib/lnx64.o/libtcl8.5.so(TclEvalObjEx+0x77) [0x7f73ba51a327]
/opt/Xilinx/Vivado/2015.2/lib/lnx64.o/libtcl8.5.so(+0xb740f) [0x7f73ba59c40f]
/opt/Xilinx/Vivado/2015.2/lib/lnx64.o/libtcl8.5.so(+0x331f5) [0x7f73ba5181f5]
/opt/Xilinx/Vivado/2015.2/lib/lnx64.o/libtcl8.5.so(+0x76bbe) [0x7f73ba55bbbe]
/opt/Xilinx/Vivado/2015.2/lib/lnx64.o/libtcl8.5.so(+0x7e767) [0x7f73ba563767]
/opt/Xilinx/Vivado/2015.2/lib/lnx64.o/libtcl8.5.so(TclEvalObjEx+0x77) [0x7f73ba51a327]
/opt/Xilinx/Vivado/2015.2/lib/lnx64.o/librdi_commontasks.so(+0x2d30f4) [0x7f73b63720f4]
/opt/Xilinx/Vivado/2015.2/lib/lnx64.o/libtcl8.5.so(+0x331f5) [0x7f73ba5181f5]
/opt/Xilinx/Vivado/2015.2/lib/lnx64.o/libtcl8.5.so(+0x34d6b) [0x7f73ba519d6b]
/opt/Xilinx/Vivado/2015.2/lib/lnx64.o/libtcl8.5.so(+0xad531) [0x7f73ba592531]
/opt/Xilinx/Vivado/2015.2/lib/lnx64.o/libtcl8.5.so(+0x3491c) [0x7f73ba51991c]
/opt/Xilinx/Vivado/2015.2/lib/lnx64.o/libtcl8.5.so(Tcl_EvalEx+0x16) [0x7f73ba51a276]
/opt/Xilinx/Vivado/2015.2/lib/lnx64.o/libtcl8.5.so(Tcl_FSEvalFileEx+0x1d2) [0x7f73ba57ed02]
/opt/Xilinx/Vivado/2015.2/lib/lnx64.o/librdi_commontasks.so(+0x2f0425) [0x7f73b638f425]
/opt/Xilinx/Vivado/2015.2/lib/lnx64.o/librdi_common.so(+0x62104f) [0x7f73bf57804f]
/opt/Xilinx/Vivado/2015.2/lib/lnx64.o/libtcl8.5.so(+0x331f5) [0x7f73ba5181f5]
/opt/Xilinx/Vivado/2015.2/lib/lnx64.o/libtcl8.5.so(Tcl_EvalObjv+0x32) [0x7f73ba5187e2]
/opt/Xilinx/Vivado/2015.2/lib/lnx64.o/libtcl8.5.so(TclEvalObjEx+0x322) [0x7f73ba51a5d2]
/opt/Xilinx/Vivado/2015.2/lib/lnx64.o/librdi_common.so(hdi::tcltasks::task_manager::eval_in_tcl(Tcl_Interp*, Tcl_Obj*, char const*, bool)+0x84d) [0x7f73bf579a8d]
/opt/Xilinx/Vivado/2015.2/lib/lnx64.o/librdi_designutils.so(HRTInvoker::inProcessLaunch(HDGUIStatus&)+0x1c9) [0x7f73abcc9a89]
/opt/Xilinx/Vivado/2015.2/lib/lnx64.o/librdi_designutils.so(HRTInvoker::launch(HDGUIStatus&)+0x4b5) [0x7f73abcca7d5]
/opt/Xilinx/Vivado/2015.2/lib/lnx64.o/librdi_vivadotasks.so(+0x1fa5f8) [0x7f73901d75f8]
/opt/Xilinx/Vivado/2015.2/lib/lnx64.o/librdi_vivadotasks.so(+0x2013d0) [0x7f73901de3d0]
/opt/Xilinx/Vivado/2015.2/lib/lnx64.o/librdi_common.so(+0x62104f) [0x7f73bf57804f]
/opt/Xilinx/Vivado/2015.2/lib/lnx64.o/libtcl8.5.so(+0x331f5) [0x7f73ba5181f5]
/opt/Xilinx/Vivado/2015.2/lib/lnx64.o/libtcl8.5.so(+0x34d6b) [0x7f73ba519d6b]
/opt/Xilinx/Vivado/2015.2/lib/lnx64.o/libtcl8.5.so(Tcl_EvalEx+0x16) [0x7f73ba51a276]
/opt/Xilinx/Vivado/2015.2/lib/lnx64.o/libtcl8.5.so(Tcl_FSEvalFileEx+0x1d2) [0x7f73ba57ed02]
/opt/Xilinx/Vivado/2015.2/lib/lnx64.o/librdi_commontasks.so(+0x2f0425) [0x7f73b638f425]
/opt/Xilinx/Vivado/2015.2/lib/lnx64.o/librdi_common.so(+0x62104f) [0x7f73bf57804f]
/opt/Xilinx/Vivado/2015.2/lib/lnx64.o/libtcl8.5.so(+0x331f5) [0x7f73ba5181f5]
/opt/Xilinx/Vivado/2015.2/lib/lnx64.o/libtcl8.5.so(Tcl_EvalObjv+0x32) [0x7f73ba5187e2]
/opt/Xilinx/Vivado/2015.2/lib/lnx64.o/libtcl8.5.so(TclEvalObjEx+0x322) [0x7f73ba51a5d2]
/opt/Xilinx/Vivado/2015.2/lib/lnx64.o/librdi_commontasks.so(+0x3074a2) [0x7f73b63a64a2]
/opt/Xilinx/Vivado/2015.2/lib/lnx64.o/librdi_commontasks.so(+0x30dd9d) [0x7f73b63acd9d]
/opt/Xilinx/Vivado/2015.2/lib/lnx64.o/librdi_commontasks.so(+0x3078e3) [0x7f73b63a68e3]
/opt/Xilinx/Vivado/2015.2/lib/lnx64.o/librdi_common.so(+0x62104f) [0x7f73bf57804f]
/opt/Xilinx/Vivado/2015.2/lib/lnx64.o/libtcl8.5.so(+0x331f5) [0x7f73ba5181f5]
/opt/Xilinx/Vivado/2015.2/lib/lnx64.o/libtcl8.5.so(Tcl_EvalObjv+0x32) [0x7f73ba5187e2]
/opt/Xilinx/Vivado/2015.2/lib/lnx64.o/libtcl8.5.so(TclEvalObjEx+0x322) [0x7f73ba51a5d2]
/opt/Xilinx/Vivado/2015.2/lib/lnx64.o/librdi_commonmain.so(+0x7110) [0x7f73bed52110]
/opt/Xilinx/Vivado/2015.2/lib/lnx64.o/libtcl8.5.so(Tcl_Main+0x1d5) [0x7f73ba585175]
/opt/Xilinx/Vivado/2015.2/lib/lnx64.o/librdi_common.so(+0x659c89) [0x7f73bf5b0c89]
/lib/x86_64-linux-gnu/libpthread.so.0(+0x8182) [0x7f73bdf52182]
/lib/x86_64-linux-gnu/libc.so.6(clone+0x6d) [0x7f73be56847d]
