#-----------------------------------------------------------
# Webtalk v2015.2 (64-bit)
# SW Build 1266856 on Fri Jun 26 16:35:25 MDT 2015
# 
# Start of session at: Fri May 13 00:37:51 2016
# Process ID: 4449
# Log file: /home/ilim/Documents/Headlight/Headlight_antiglare_wit_arm_srihari/a.sdk/webtalk/webtalk.log
# Journal file: /home/ilim/Documents/Headlight/Headlight_antiglare_wit_arm_srihari/a.sdk/webtalk/webtalk.jou
#-----------------------------------------------------------
source sdk_webtalk.tcl
# webtalk_init -webtalk_dir /home/ilim/Documents/Headlight/Headlight_antiglare_wit_arm_srihari/a.sdk/webtalk
# webtalk_register_client -client project
# webtalk_add_data -client project -key date_generated -value "Fri May 13 00:37:50 2016" -context "software_version_and_target_device"
# webtalk_add_data -client project -key product_version -value "SDK v2015.2" -context "software_version_and_target_device"
# webtalk_add_data -client project -key build_version -value "2015.2" -context "software_version_and_target_device"
# webtalk_add_data -client project -key os_platform -value "amd64" -context "software_version_and_target_device"
# webtalk_add_data -client project -key registration_id -value "" -context "software_version_and_target_device"
# webtalk_add_data -client project -key tool_flow -value "SDK" -context "software_version_and_target_device"
# webtalk_add_data -client project -key beta -value "false" -context "software_version_and_target_device"
# webtalk_add_data -client project -key route_design -value "NA" -context "software_version_and_target_device"
# webtalk_add_data -client project -key target_family -value "NA" -context "software_version_and_target_device"
# webtalk_add_data -client project -key target_device -value "NA" -context "software_version_and_target_device"
# webtalk_add_data -client project -key target_package -value "NA" -context "software_version_and_target_device"
# webtalk_add_data -client project -key target_speed -value "NA" -context "software_version_and_target_device"
# webtalk_add_data -client project -key random_id -value "unh1jsn9vm5tk88uige721e49o" -context "software_version_and_target_device"
# webtalk_add_data -client project -key project_id -value "2015.2_2" -context "software_version_and_target_device"
# webtalk_add_data -client project -key project_iteration -value "2" -context "software_version_and_target_device"
# webtalk_add_data -client project -key os_name -value "" -context "user_environment"
# webtalk_add_data -client project -key os_release -value "" -context "user_environment"
# webtalk_add_data -client project -key cpu_name -value "" -context "user_environment"
# webtalk_add_data -client project -key cpu_speed -value "" -context "user_environment"
# webtalk_add_data -client project -key total_processors -value "" -context "user_environment"
# webtalk_add_data -client project -key system_ram -value "" -context "user_environment"
# webtalk_register_client -client sdk
# webtalk_add_data -client sdk -key uid -value "1463107952000" -context "sdk\\\\hardware/1463107952000"
# webtalk_add_data -client sdk -key isZynq -value "true" -context "sdk\\\\hardware/1463107952000"
# webtalk_add_data -client sdk -key Processors -value "2" -context "sdk\\\\hardware/1463107952000"
# webtalk_add_data -client sdk -key VivadoVersion -value "2015.2" -context "sdk\\\\hardware/1463107952000"
# webtalk_add_data -client sdk -key Arch -value "zynq" -context "sdk\\\\hardware/1463107952000"
# webtalk_add_data -client sdk -key Device -value "7z030" -context "sdk\\\\hardware/1463107952000"
# webtalk_add_data -client sdk -key IsHandoff -value "true" -context "sdk\\\\hardware/1463107952000"
# webtalk_transmit -clientid 4070779473 -regid "" -xml /home/ilim/Documents/Headlight/Headlight_antiglare_wit_arm_srihari/a.sdk/webtalk/usage_statistics_ext_sdk.xml -html /home/ilim/Documents/Headlight/Headlight_antiglare_wit_arm_srihari/a.sdk/webtalk/usage_statistics_ext_sdk.html -wdm /home/ilim/Documents/Headlight/Headlight_antiglare_wit_arm_srihari/a.sdk/webtalk/sdk_webtalk.wdm -intro "<H3>SDK Usage Report</H3><BR>"

    while executing
"webtalk_transmit -clientid 4070779473 -regid "" -xml /home/ilim/Documents/Headlight/Headlight_antiglare_wit_arm_srihari/a.sdk/webtalk/usage_statistics..."
    (file "sdk_webtalk.tcl" line 32)
INFO: [Common 17-206] Exiting Webtalk at Fri May 13 00:37:51 2016...
