#-----------------------------------------------------------
# Webtalk v2015.2 (64-bit)
# SW Build 1266856 on Fri Jun 26 16:35:25 MDT 2015
# 
# Start of session at: Thu Apr 14 19:05:12 2016
# Process ID: 28072
# Log file: /home/ltcranda/Documents/CMU/HeadlightResearch/HeadlightMaskingLocal/Headlight_antiglare_wit_arm_orig/a.sdk/webtalk/webtalk.log
# Journal file: /home/ltcranda/Documents/CMU/HeadlightResearch/HeadlightMaskingLocal/Headlight_antiglare_wit_arm_orig/a.sdk/webtalk/webtalk.jou
#-----------------------------------------------------------
source sdk_webtalk.tcl
# webtalk_init -webtalk_dir /home/ltcranda/Documents/CMU/HeadlightResearch/HeadlightMaskingLocal/Headlight_antiglare_wit_arm_orig/a.sdk/webtalk
# webtalk_register_client -client project
# webtalk_add_data -client project -key date_generated -value "Thu Apr 14 19:05:12 2016" -context "software_version_and_target_device"
# webtalk_add_data -client project -key product_version -value "SDK v2015.2" -context "software_version_and_target_device"
# webtalk_add_data -client project -key build_version -value "2015.2" -context "software_version_and_target_device"
# webtalk_add_data -client project -key os_platform -value "amd64" -context "software_version_and_target_device"
# webtalk_add_data -client project -key registration_id -value "" -context "software_version_and_target_device"
# webtalk_add_data -client project -key tool_flow -value "SDK" -context "software_version_and_target_device"
# webtalk_add_data -client project -key beta -value "false" -context "software_version_and_target_device"
# webtalk_add_data -client project -key route_design -value "NA" -context "software_version_and_target_device"
# webtalk_add_data -client project -key target_family -value "NA" -context "software_version_and_target_device"
# webtalk_add_data -client project -key target_device -value "NA" -context "software_version_and_target_device"
# webtalk_add_data -client project -key target_package -value "NA" -context "software_version_and_target_device"
# webtalk_add_data -client project -key target_speed -value "NA" -context "software_version_and_target_device"
# webtalk_add_data -client project -key random_id -value "d5p88ac37lcd0trn1bvlp38fma" -context "software_version_and_target_device"
# webtalk_add_data -client project -key project_id -value "2015.2_38" -context "software_version_and_target_device"
# webtalk_add_data -client project -key project_iteration -value "38" -context "software_version_and_target_device"
# webtalk_add_data -client project -key os_name -value "" -context "user_environment"
# webtalk_add_data -client project -key os_release -value "" -context "user_environment"
# webtalk_add_data -client project -key cpu_name -value "" -context "user_environment"
# webtalk_add_data -client project -key cpu_speed -value "" -context "user_environment"
# webtalk_add_data -client project -key total_processors -value "" -context "user_environment"
# webtalk_add_data -client project -key system_ram -value "" -context "user_environment"
# webtalk_register_client -client sdk
# webtalk_add_data -client sdk -key uid -value "1460672141000" -context "sdk\\\\hardware/1460672141000"
# webtalk_add_data -client sdk -key isZynq -value "true" -context "sdk\\\\hardware/1460672141000"
# webtalk_add_data -client sdk -key Processors -value "2" -context "sdk\\\\hardware/1460672141000"
# webtalk_add_data -client sdk -key VivadoVersion -value "2015.2" -context "sdk\\\\hardware/1460672141000"
# webtalk_add_data -client sdk -key Arch -value "zynq" -context "sdk\\\\hardware/1460672141000"
# webtalk_add_data -client sdk -key Device -value "7z030" -context "sdk\\\\hardware/1460672141000"
# webtalk_add_data -client sdk -key IsHandoff -value "true" -context "sdk\\\\hardware/1460672141000"
# webtalk_transmit -clientid 2930451008 -regid "" -xml /home/ltcranda/Documents/CMU/HeadlightResearch/HeadlightMaskingLocal/Headlight_antiglare_wit_arm_orig/a.sdk/webtalk/usage_statistics_ext_sdk.xml -html /home/ltcranda/Documents/CMU/HeadlightResearch/HeadlightMaskingLocal/Headlight_antiglare_wit_arm_orig/a.sdk/webtalk/usage_statistics_ext_sdk.html -wdm /home/ltcranda/Documents/CMU/HeadlightResearch/HeadlightMaskingLocal/Headlight_antiglare_wit_arm_orig/a.sdk/webtalk/sdk_webtalk.wdm -intro "<H3>SDK Usage Report</H3><BR>"
INFO: [Common 17-186] '/home/ltcranda/Documents/CMU/HeadlightResearch/HeadlightMaskingLocal/Headlight_antiglare_wit_arm_orig/a.sdk/webtalk/usage_statistics_ext_sdk.xml' has been successfully sent to Xilinx on Thu Apr 14 19:05:13 2016. For additional details about this file, please refer to the WebTalk help file at /opt/Xilinx/SDK/2015.2/doc/webtalk_introduction.html.
# webtalk_terminate
INFO: [Common 17-206] Exiting Webtalk at Thu Apr 14 19:05:13 2016...
